Uptime
 16:06:39 up  2:18

Datum
Fri Jun 14 16:06:39 CEST 2024

Speicherplatz
Filesystem      Size  Used Avail Use% Mounted on
none            7.8G  4.0K  7.8G   1% /mnt/wsl
none            953G  409G  544G  43% /usr/lib/wsl/drivers
none            7.8G     0  7.8G   0% /usr/lib/modules
none            7.8G     0  7.8G   0% /usr/lib/modules/5.15.146.1-microsoft-standard-WSL2
/dev/sdc       1007G  1.7G  955G   1% /
none            7.8G  148K  7.8G   1% /mnt/wslg
none            7.8G     0  7.8G   0% /usr/lib/wsl/lib
rootfs          7.8G  1.9M  7.8G   1% /init
none            7.8G  844K  7.8G   1% /run
none            7.8G     0  7.8G   0% /run/lock
none            7.8G     0  7.8G   0% /run/shm
tmpfs           4.0M     0  4.0M   0% /sys/fs/cgroup
none            7.8G   76K  7.8G   1% /mnt/wslg/versions.txt
none            7.8G   76K  7.8G   1% /mnt/wslg/doc
C:\             953G  409G  544G  43% /mnt/c
snapfuse        128K  128K     0 100% /snap/bare/5
snapfuse         75M   75M     0 100% /snap/core22/1380
snapfuse         74M   74M     0 100% /snap/core22/864
snapfuse         92M   92M     0 100% /snap/gtk-common-themes/1535
snapfuse         41M   41M     0 100% /snap/snapd/20290
snapfuse         39M   39M     0 100% /snap/snapd/21759
snapfuse        132M  132M     0 100% /snap/ubuntu-desktop-installer/1276
snapfuse        132M  132M     0 100% /snap/ubuntu-desktop-installer/1286
tmpfs           1.6G  4.0K  1.6G   1% /run/user/1000

Hostname: LAPTOP-UJ39EVNS
IP-Adresse: 127.0.1.1

Betriebssystem
Name: "Ubuntu"
Version: "22.04.4 LTS (Jammy Jellyfish)"

CPU-Modellname:  11th Gen Intel(R) Core(TM) i7-1165G7 @ 2.80GHz
Anzahl der CPU-Cores: 8

Gesamter Arbeitsspeicher: 15Gi

Genutzer Arbeitsspeicher: 555Mi
